<?xml version="1.0" encoding="UTF-8"?>
<!-- Generated by org.testng.reporters.JUnitReportReporter -->
<testsuite hostname="VibinV" failures="0" tests="1" name="com.gitfocus.helpers.HandlingSlider" time="5.983" errors="0" timestamp="2023-12-02T12:47:30 IST" skipped="0">
  <testcase classname="com.gitfocus.helpers.HandlingSlider" name="helper_ActionClass" time="5.983"/>
  <system-out/>
</testsuite> <!-- com.gitfocus.helpers.HandlingSlider -->
