<?xml version="1.0" encoding="UTF-8"?>
<!-- Generated by org.testng.reporters.JUnitReportReporter -->
<testsuite hostname="VibinV" failures="0" tests="1" name="com.gitfocus.helpers.HandlingDynamicWebTable" time="18.009" errors="0" timestamp="2023-12-02T11:11:03 IST" skipped="0">
  <testcase classname="com.gitfocus.helpers.HandlingDynamicWebTable" name="helper_WorkingWithLinks" time="18.009"/>
  <system-out/>
</testsuite> <!-- com.gitfocus.helpers.HandlingDynamicWebTable -->
