<?xml version="1.0" encoding="UTF-8"?>
<!-- Generated by org.testng.reporters.JUnitReportReporter -->
<testsuite hostname="VibinV" failures="0" tests="1" name="com.gitfocus.factory.BaseClass" time="8.186" errors="0" timestamp="2023-11-29T00:07:17 IST" skipped="0">
  <testcase classname="com.gitfocus.factory.BaseClass" name="browserSetup" time="8.186"/>
  <system-out/>
</testsuite> <!-- com.gitfocus.factory.BaseClass -->
