<?xml version="1.0" encoding="UTF-8"?>
<!-- Generated by org.testng.reporters.JUnitReportReporter -->
<testsuite hostname="VibinV" failures="0" tests="1" name="com.gitfocus.helpers.HandlingWebTable" time="109.337" errors="0" timestamp="2023-12-02T10:03:00 IST" skipped="0">
  <testcase classname="com.gitfocus.helpers.HandlingWebTable" name="helper_WorkingWithLinks" time="109.337"/>
  <system-out/>
</testsuite> <!-- com.gitfocus.helpers.HandlingWebTable -->
