<?xml version="1.0" encoding="UTF-8"?>
<!-- Generated by org.testng.reporters.JUnitReportReporter -->
<testsuite hostname="VibinV" failures="0" tests="1" name="com.gitfocus.helpers.HandlingAutosuggestion" time="10.787" errors="0" timestamp="2023-12-01T15:19:29 IST" skipped="0">
  <testcase classname="com.gitfocus.helpers.HandlingAutosuggestion" name="helper_autoSuggAmazon" time="10.787"/>
  <system-out/>
</testsuite> <!-- com.gitfocus.helpers.HandlingAutosuggestion -->
