<?xml version="1.0" encoding="UTF-8"?>
<!-- Generated by org.testng.reporters.JUnitReportReporter -->
<testsuite hostname="VibinV" failures="0" tests="1" name="com.gitfocus.helpers.HandlingDatePicker" time="9.505" errors="0" timestamp="2023-12-02T11:34:50 IST" skipped="0">
  <testcase classname="com.gitfocus.helpers.HandlingDatePicker" name="helper_WorkingWithLinks" time="9.505"/>
  <system-out/>
</testsuite> <!-- com.gitfocus.helpers.HandlingDatePicker -->
