<?xml version="1.0" encoding="UTF-8"?>
<!-- Generated by org.testng.reporters.JUnitReportReporter -->
<testsuite hostname="VibinV" failures="0" tests="1" name="com.gitfocus.helpers.HandlingDropdownSelect" time="17.342" errors="0" timestamp="2023-11-30T10:38:37 IST" skipped="0">
  <testcase classname="com.gitfocus.helpers.HandlingDropdownSelect" name="helper_dropdown" time="17.342"/>
  <system-out/>
</testsuite> <!-- com.gitfocus.helpers.HandlingDropdownSelect -->
