<?xml version="1.0" encoding="UTF-8"?>
<!-- Generated by org.testng.reporters.JUnitReportReporter -->
<testsuite hostname="VibinV" failures="0" tests="1" name="com.gitfocus.helpers.handling_jqueryDropdown" time="7.185" errors="0" timestamp="2023-12-01T12:11:58 IST" skipped="0">
  <testcase classname="com.gitfocus.helpers.handling_jqueryDropdown" name="helper_jqueryDDown" time="7.185"/>
  <system-out/>
</testsuite> <!-- com.gitfocus.helpers.handling_jqueryDropdown -->
