<?xml version="1.0" encoding="UTF-8"?>
<!-- Generated by org.testng.reporters.JUnitReportReporter -->
<testsuite hostname="VibinV" failures="0" tests="1" name="com.gitfocus.helpers.HandlingIframes" time="12.604" errors="0" timestamp="2023-12-01T23:16:19 IST" skipped="0">
  <testcase classname="com.gitfocus.helpers.HandlingIframes" name="helper_JSAlerts" time="12.604"/>
  <system-out/>
</testsuite> <!-- com.gitfocus.helpers.HandlingIframes -->
