<?xml version="1.0" encoding="UTF-8"?>
<!-- Generated by org.testng.reporters.JUnitReportReporter -->
<testsuite hostname="VibinV" failures="0" tests="1" name="com.gitfocus.helpers.ReadingMultiLinks" time="5.757" errors="0" timestamp="2023-12-01T19:19:07 IST" skipped="0">
  <testcase classname="com.gitfocus.helpers.ReadingMultiLinks" name="helper_multiLinks" time="5.757"/>
  <system-out/>
</testsuite> <!-- com.gitfocus.helpers.ReadingMultiLinks -->
