<?xml version="1.0" encoding="UTF-8"?>
<!-- Generated by org.testng.reporters.JUnitReportReporter -->
<testsuite hostname="VibinV" failures="0" tests="1" name="com.gitfocus.helpers.HandlingMultipleTab" time="8.935" errors="0" timestamp="2023-11-29T15:39:50 IST" skipped="0">
  <testcase classname="com.gitfocus.helpers.HandlingMultipleTab" name="helper_windowHandling" time="8.935"/>
  <system-out/>
</testsuite> <!-- com.gitfocus.helpers.HandlingMultipleTab -->
