<?xml version="1.0" encoding="UTF-8"?>
<!-- Generated by org.testng.reporters.JUnitReportReporter -->
<testsuite hostname="VibinV" failures="0" tests="1" name="com.gitfocus.helpers.HandlingOpenInTab" time="5.403" errors="0" timestamp="2023-12-02T13:07:41 IST" skipped="0">
  <testcase classname="com.gitfocus.helpers.HandlingOpenInTab" name="helper_OpenInTab" time="5.403"/>
  <system-out/>
</testsuite> <!-- com.gitfocus.helpers.HandlingOpenInTab -->
