<?xml version="1.0" encoding="UTF-8"?>
<!-- Generated by org.testng.reporters.JUnitReportReporter -->
<testsuite hostname="VibinV" failures="0" tests="1" name="com.gitfocus.helpers.HandlingMultiWindows" time="11.165" errors="0" timestamp="2023-12-01T19:40:58 IST" skipped="0">
  <testcase classname="com.gitfocus.helpers.HandlingMultiWindows" name="helper_multiLinks" time="11.165"/>
  <system-out/>
</testsuite> <!-- com.gitfocus.helpers.HandlingMultiWindows -->
