<?xml version="1.0" encoding="UTF-8"?>
<!-- Generated by org.testng.reporters.JUnitReportReporter -->
<testsuite hostname="VibinV" failures="0" tests="1" name="com.gitfocus.helpers.HandlingBootstrapDropdown" time="8.263" errors="0" timestamp="2023-12-01T11:29:19 IST" skipped="0">
  <testcase classname="com.gitfocus.helpers.HandlingBootstrapDropdown" name="helper_bootstrapDropdown" time="8.263"/>
  <system-out/>
</testsuite> <!-- com.gitfocus.helpers.HandlingBootstrapDropdown -->
