<?xml version="1.0" encoding="UTF-8"?>
<!-- Generated by org.testng.reporters.JUnitReportReporter -->
<testsuite hostname="VibinV" failures="0" tests="1" name="com.gitfocus.helpers.HandlingJSAlerts" time="16.774" errors="0" timestamp="2023-12-01T23:01:02 IST" skipped="0">
  <testcase classname="com.gitfocus.helpers.HandlingJSAlerts" name="helper_JSAlerts" time="16.774"/>
  <system-out/>
</testsuite> <!-- com.gitfocus.helpers.HandlingJSAlerts -->
