<?xml version="1.0" encoding="UTF-8"?>
<!-- Generated by org.testng.reporters.JUnitReportReporter -->
<testsuite hostname="VibinV" failures="0" tests="1" name="com.gitfocus.helpers.WorkingWithLinks" time="17.330" errors="0" timestamp="2023-12-01T21:22:42 IST" skipped="0">
  <testcase classname="com.gitfocus.helpers.WorkingWithLinks" name="helper_WorkingWithLinks" time="17.330"/>
  <system-out/>
</testsuite> <!-- com.gitfocus.helpers.WorkingWithLinks -->
